\BOOKMARK [0][-]{chapter.1}{\376\377\000I\000n\000t\000r\000o\000d\000u\000c\000t\000i\000o\000n}{}% 1
\BOOKMARK [1][-]{section.1.1}{\376\377\000N\000F\000C\000\040\000c\000h\000a\000l\000l\000e\000n\000g\000e\000s}{chapter.1}% 2
\BOOKMARK [1][-]{section.1.2}{\376\377\000F\000u\000t\000u\000r\000e\000\040\000w\000o\000r\000k}{chapter.1}% 3
\BOOKMARK [0][-]{chapter.2}{\376\377\000R\000F\000I\000D}{}% 4
\BOOKMARK [1][-]{section.2.1}{\376\377\000B\000a\000s\000i\000c\000\040\000t\000y\000p\000e\000s\000\040\000o\000f\000\040\000R\000F\000I\000D}{chapter.2}% 5
\BOOKMARK [1][-]{section.2.2}{\376\377\000N\000e\000a\000r\000\040\000f\000i\000e\000l\000d\000\040\000a\000n\000d\000\040\000F\000a\000r\000\040\000f\000i\000e\000l\000d\000\040\000R\000F\000I\000D}{chapter.2}% 6
\BOOKMARK [0][-]{chapter.3}{\376\377\000A\000r\000c\000h\000i\000t\000e\000c\000t\000u\000r\000e}{}% 7
\BOOKMARK [1][-]{section.3.1}{\376\377\000R\000F\000I\000D\000\040\000A\000r\000c\000h\000i\000t\000e\000c\000t\000u\000r\000e}{chapter.3}% 8
\BOOKMARK [0][-]{chapter.4}{\376\377\000T\000e\000c\000h\000n\000o\000l\000o\000g\000y}{}% 9
\BOOKMARK [1][-]{section.4.1}{\376\377\000M\000o\000d\000e\000s\000\040\000o\000f\000\040\000o\000p\000e\000r\000a\000t\000i\000o\000n}{chapter.4}% 10
\BOOKMARK [1][-]{section.4.2}{\376\377\000M\000o\000d\000e\000s\000\040\000o\000f\000\040\000c\000o\000m\000m\000u\000n\000i\000c\000a\000t\000i\000o\000n}{chapter.4}% 11
\BOOKMARK [1][-]{section.4.3}{\376\377\000T\000a\000g\000\040\000t\000y\000p\000e\000s}{chapter.4}% 12
\BOOKMARK [1][-]{section.4.4}{\376\377\000R\000F\000\040\000f\000i\000e\000l\000d\000\040\000a\000n\000d\000\040\000o\000v\000e\000r\000-\000t\000h\000e\000-\000a\000i\000r\000\040\000i\000n\000t\000e\000r\000f\000a\000c\000e}{chapter.4}% 13
\BOOKMARK [1][-]{section.4.5}{\376\377\000D\000a\000t\000a\000\040\000t\000r\000a\000n\000s\000f\000e\000r}{chapter.4}% 14
\BOOKMARK [1][-]{section.4.6}{\376\377\000N\000F\000C\000\040\000s\000y\000s\000t\000e\000m\000\040\000a\000r\000c\000h\000i\000t\000e\000c\000t\000u\000r\000e}{chapter.4}% 15
\BOOKMARK [1][-]{section.4.7}{\376\377\000N\000D\000E\000F\000\040\000s\000t\000r\000u\000c\000t\000u\000r\000e}{chapter.4}% 16
\BOOKMARK [0][-]{chapter.5}{\376\377\000N\000F\000C\000\040\000S\000t\000a\000n\000d\000a\000r\000d\000s}{}% 17
\BOOKMARK [1][-]{section.5.1}{\376\377\000L\000e\000g\000a\000c\000y\000\040\000I\000S\000O\000/\000I\000E\000C\000\040\000s\000t\000a\000n\000d\000a\000r\000d\000s}{chapter.5}% 18
\BOOKMARK [1][-]{section.5.2}{\376\377\000S\000t\000a\000n\000d\000a\000r\000d\000s\000\040\000s\000p\000e\000c\000i\000f\000i\000c\000\040\000t\000o\000\040\000N\000F\000C}{chapter.5}% 19
\BOOKMARK [0][-]{chapter.6}{\376\377\000P\000h\000y\000s\000i\000c\000a\000l\000\040\000L\000a\000y\000e\000r}{}% 20
\BOOKMARK [1][-]{section.6.1}{\376\377\000P\000h\000y\000s\000i\000c\000a\000l\000\040\000l\000a\000y\000e\000r\000\040\000f\000o\000r\000\040\000p\000a\000s\000s\000i\000v\000e\000\040\000t\000a\000g\000s}{chapter.6}% 21
\BOOKMARK [1][-]{section.6.2}{\376\377\000L\000i\000n\000k\000\040\000b\000u\000d\000g\000e\000t\000\040\000a\000n\000d\000\040\000r\000a\000n\000g\000e}{chapter.6}% 22
\BOOKMARK [1][-]{section.6.3}{\376\377\000P\000o\000w\000e\000r\000\040\000d\000i\000s\000t\000r\000i\000b\000u\000t\000i\000o\000n}{chapter.6}% 23
\BOOKMARK [1][-]{section.6.4}{\376\377\000P\000o\000w\000e\000r\000\040\000e\000s\000t\000i\000m\000a\000t\000e}{chapter.6}% 24
\BOOKMARK [1][-]{section.6.5}{\376\377\000R\000e\000c\000i\000p\000r\000o\000c\000a\000t\000i\000o\000n}{chapter.6}% 25
\BOOKMARK [1][-]{section.6.6}{\376\377\000A\000n\000t\000e\000n\000n\000a\000\040\000-\000\040\000d\000i\000r\000e\000c\000t\000i\000o\000n\000a\000l}{chapter.6}% 26
\BOOKMARK [1][-]{section.6.7}{\376\377\000A\000n\000t\000e\000n\000n\000a\000\040\000p\000a\000t\000t\000e\000r\000n\000s}{chapter.6}% 27
\BOOKMARK [1][-]{section.6.8}{\376\377\000E\000f\000f\000e\000c\000t\000i\000v\000e\000\040\000r\000e\000f\000l\000e\000c\000t\000e\000d\000\040\000p\000o\000w\000e\000r}{chapter.6}% 28
\BOOKMARK [1][-]{section.6.9}{\376\377\000R\000F\000\040\000r\000e\000a\000d\000e\000r\000s}{chapter.6}% 29
\BOOKMARK [1][-]{section.6.10}{\376\377\000E\000n\000c\000o\000d\000i\000n\000g}{chapter.6}% 30
\BOOKMARK [1][-]{section.6.11}{\376\377\000I\000n\000t\000e\000r\000f\000e\000r\000e\000n\000c\000e}{chapter.6}% 31
\BOOKMARK [1][-]{section.6.12}{\376\377\000O\000s\000c\000i\000l\000l\000a\000t\000o\000r\000\040\000n\000o\000i\000s\000e}{chapter.6}% 32
\BOOKMARK [1][-]{section.6.13}{\376\377\000M\000i\000x\000i\000n\000g\000\040\000p\000r\000o\000c\000e\000d\000u\000r\000e\000s}{chapter.6}% 33
\BOOKMARK [1][-]{section.6.14}{\376\377\000R\000e\000a\000d\000e\000r\000\040\000a\000n\000t\000e\000n\000n\000a\000s}{chapter.6}% 34
\BOOKMARK [1][-]{section.6.15}{\376\377\000S\000i\000z\000e\000\040\000i\000s\000s\000u\000e\000s}{chapter.6}% 35
\BOOKMARK [1][-]{section.6.16}{\376\377\000R\000F\000I\000D\000\040\000t\000a\000g\000s}{chapter.6}% 36
\BOOKMARK [1][-]{section.6.17}{\376\377\000C\000l\000o\000s\000e\000\040\000u\000p}{chapter.6}% 37
\BOOKMARK [1][-]{section.6.18}{\376\377\000T\000a\000g\000\040\000a\000n\000t\000e\000n\000n\000a\000\040\000g\000a\000i\000n}{chapter.6}% 38
\BOOKMARK [1][-]{section.6.19}{\376\377\000I\000n\000s\000t\000a\000n\000t\000\040\000v\000o\000l\000t\000a\000g\000e}{chapter.6}% 39
\BOOKMARK [1][-]{section.6.20}{\376\377\000P\000h\000a\000s\000e\000\040\000m\000o\000d\000u\000l\000a\000t\000i\000o\000n}{chapter.6}% 40
\BOOKMARK [1][-]{section.6.21}{\376\377\000R\000F\000I\000D\000\040\000f\000r\000e\000q\000u\000e\000n\000c\000i\000e\000s}{chapter.6}% 41
\BOOKMARK [1][-]{section.6.22}{\376\377\000U\000H\000V\000\040\000e\000a\000v\000e\000s\000d\000r\000o\000p\000p\000i\000n\000g}{chapter.6}% 42
\BOOKMARK [1][-]{section.6.23}{\376\377\000S\000e\000t\000u\000p}{chapter.6}% 43
\BOOKMARK [0][-]{chapter.7}{\376\377\000I\000n\000t\000e\000r\000l\000u\000d\000e\000\040\000S\000y\000s\000t\000e\000m\000s\000\040\000E\000n\000g\000i\000n\000e\000e\000r\000i\000n\000g}{}% 44
\BOOKMARK [1][-]{section.7.1}{\376\377\000S\000y\000s\000t\000e\000m\000\040\000a\000r\000c\000h\000i\000t\000e\000c\000t\000u\000r\000e\000\040\000m\000o\000d\000e\000l\000l\000i\000n\000g}{chapter.7}% 45
\BOOKMARK [1][-]{section.7.2}{\376\377\000S\000y\000s\000t\000e\000m\000\040\000e\000n\000g\000i\000n\000e\000e\000r\000i\000n\000g\000\040\000p\000r\000o\000c\000e\000s\000s}{chapter.7}% 46
\BOOKMARK [0][-]{chapter.8}{\376\377\000M\000u\000l\000t\000i\000-\000A\000c\000c\000e\000s\000s\000\040\000m\000e\000t\000h\000o\000d\000s\000\040\000i\000n\000\040\000R\000F\000I\000D\000\040\000S\000y\000s\000t\000e\000m}{}% 47
\BOOKMARK [1][-]{section.8.1}{\376\377\000C\000o\000m\000m\000u\000n\000i\000c\000a\000t\000i\000o\000n\000\040\000p\000r\000o\000t\000o\000c\000o\000l\000s}{chapter.8}% 48
\BOOKMARK [1][-]{section.8.2}{\376\377\000R\000F\000I\000D\000\040\000s\000y\000s\000t\000e\000m}{chapter.8}% 49
\BOOKMARK [1][-]{section.8.3}{\376\377\000A\000n\000t\000i\000-\000c\000o\000l\000l\000i\000s\000i\000o\000n\000\040\000a\000l\000g\000o\000r\000i\000t\000h\000m\000s\000\040\000i\000n\000\040\000R\000F\000I\000D\000\040\000s\000y\000s\000t\000e\000m}{chapter.8}% 50
\BOOKMARK [0][-]{chapter.9}{\376\377\000P\000r\000i\000v\000a\000c\000y\000\040\000S\000e\000c\000u\000r\000i\000t\000y}{}% 51
\BOOKMARK [1][-]{section.9.1}{\376\377\000R\000F\000I\000D\000\040\000d\000e\000v\000i\000c\000e\000s\000\040\000a\000n\000d\000\040\000c\000r\000y\000p\000t\000o\000g\000r\000a\000p\000h\000y\000\040\000a\000n\000a\000l\000y\000s\000i\000s\000\040\000o\000f\000\040\000t\000h\000e\000\040\000D\000S\000T\0004\0000}{chapter.9}% 52
\BOOKMARK [1][-]{section.9.2}{\376\377\000R\000e\000v\000e\000r\000s\000e\000\040\000e\000n\000g\000i\000n\000e\000e\000r\000i\000n\000g\000\040\000t\000h\000e\000\040\000c\000i\000p\000h\000e\000r}{chapter.9}% 53
\BOOKMARK [1][-]{section.9.3}{\376\377\000B\000u\000i\000l\000d\000\040\000t\000h\000e\000\040\000k\000e\000y\000\040\000c\000r\000a\000c\000k\000e\000r}{chapter.9}% 54
\BOOKMARK [0][-]{chapter.10}{\376\377\000M\000o\000d\000e\000\040\000o\000f\000\040\000O\000p\000e\000r\000a\000t\000i\000o\000n\000s}{}% 55
\BOOKMARK [0][-]{chapter.11}{\376\377\000S\000e\000c\000u\000r\000e\000\040\000e\000l\000e\000m\000e\000n\000t\000s}{}% 56
\BOOKMARK [1][-]{section.11.1}{\376\377\000U\000I\000C\000C\000\040\000/\000\040\000S\000I\000M}{chapter.11}% 57
\BOOKMARK [1][-]{section.11.2}{\376\377\000H\000o\000s\000t\000\040\000c\000a\000r\000d\000\040\000e\000m\000u\000l\000a\000t\000i\000o\000n}{chapter.11}% 58
\BOOKMARK [0][-]{chapter.12}{\376\377\000P\000a\000y\000m\000e\000n\000t\000\040\000C\000o\000m\000p\000a\000r\000i\000s\000o\000n}{}% 59
\BOOKMARK [1][-]{section.12.1}{\376\377\000I\000n\000t\000r\000o\000d\000u\000c\000t\000i\000o\000n\000\040\000o\000f\000\040\000A\000p\000p\000l\000e\000\040\000P\000a\000y}{chapter.12}% 60
\BOOKMARK [1][-]{section.12.2}{\376\377\000A\000l\000i\000\040\000P\000a\000y\000\040\000s\000e\000c\000u\000r\000i\000t\000y}{chapter.12}% 61
\BOOKMARK [1][-]{section.12.3}{\376\377\000A\000u\000t\000h\000e\000n\000t\000i\000c\000a\000t\000i\000o\000n}{chapter.12}% 62
\BOOKMARK [1][-]{section.12.4}{\376\377\000R\000e\000a\000l\000\040\000n\000a\000m\000e\000\040\000r\000e\000g\000i\000s\000t\000r\000a\000t\000i\000o\000n}{chapter.12}% 63
\BOOKMARK [0][-]{chapter.13}{\376\377\000S\000e\000c\000u\000r\000i\000t\000y\000\040\000i\000n\000\040\000N\000F\000C\000\040\000R\000e\000a\000d\000e\000r\000s}{}% 64
\BOOKMARK [1][-]{section.13.1}{\376\377\000U\000n\000d\000e\000r\000\040\000t\000h\000e\000\040\000h\000o\000o\000d\000\040\000o\000f\000\040\000N\000F\000C\000\040\000b\000a\000s\000e\000d\000\040\000d\000e\000v\000i\000c\000e\000s}{chapter.13}% 65
\BOOKMARK [1][-]{section.13.2}{\376\377\000S\000e\000c\000u\000r\000i\000t\000y\000\040\000n\000e\000e\000d\000s\000:\000\040\000s\000e\000c\000u\000r\000e\000\040\000d\000a\000t\000a\000\040\000e\000x\000c\000h\000a\000n\000g\000e}{chapter.13}% 66
\BOOKMARK [1][-]{section.13.3}{\376\377\000S\000e\000c\000u\000r\000e\000\040\000d\000a\000t\000a\000\040\000e\000x\000c\000h\000a\000n\000g\000e}{chapter.13}% 67
\BOOKMARK [1][-]{section.13.4}{\376\377\000P\000r\000o\000t\000e\000c\000t\000i\000o\000n\000\040\000f\000r\000o\000m\000\040\000u\000n\000a\000u\000t\000h\000o\000r\000i\000z\000e\000d\000\040\000a\000c\000c\000e\000s\000s}{chapter.13}% 68
\BOOKMARK [1][-]{section.13.5}{\376\377\000U\000s\000e\000\040\000c\000a\000s\000e\000s}{chapter.13}% 69
\BOOKMARK [1][-]{section.13.6}{\376\377\000N\000F\000C\000\040\000s\000e\000c\000u\000r\000i\000t\000y\000\040\000c\000o\000o\000k\000b\000o\000o\000k}{chapter.13}% 70
\BOOKMARK [0][-]{chapter.14}{\376\377\000C\000r\000y\000p\000t\000o\000g\000r\000a\000p\000h\000y}{}% 71
\BOOKMARK [1][-]{section.14.1}{\376\377\000S\000e\000c\000u\000r\000e\000\040\000c\000o\000m\000m\000u\000n\000i\000c\000a\000t\000i\000o\000n}{chapter.14}% 72
\BOOKMARK [1][-]{section.14.2}{\376\377\000P\000s\000e\000u\000d\000o\000\040\000r\000a\000n\000d\000o\000m\000\040\000g\000e\000n\000e\000r\000a\000t\000o\000r\000s}{chapter.14}% 73
\BOOKMARK [1][-]{section.14.3}{\376\377\000A\000t\000t\000a\000c\000k\000s\000\040\000o\000n\000\040\000O\000T\000P\000\040\000a\000n\000d\000\040\000s\000t\000r\000e\000a\000m\000\040\000c\000i\000p\000h\000e\000r\000s}{chapter.14}% 74
\BOOKMARK [1][-]{section.14.4}{\376\377\000R\000e\000a\000l\000-\000w\000o\000r\000l\000d\000\040\000s\000t\000r\000e\000a\000m\000\040\000c\000i\000p\000h\000e\000r\000s}{chapter.14}% 75
\BOOKMARK [1][-]{section.14.5}{\376\377\000S\000e\000m\000a\000n\000t\000i\000c\000\040\000s\000e\000c\000u\000r\000i\000t\000y}{chapter.14}% 76
\BOOKMARK [1][-]{section.14.6}{\376\377\000S\000t\000r\000e\000a\000m\000\040\000c\000i\000p\000h\000e\000r\000s\000\040\000a\000r\000e\000\040\000s\000e\000m\000a\000n\000t\000i\000c\000a\000l\000l\000y\000\040\000s\000e\000c\000u\000r\000e}{chapter.14}% 77
\BOOKMARK [1][-]{section.14.7}{\376\377\000B\000l\000o\000c\000k\000\040\000c\000i\000p\000h\000e\000r\000s}{chapter.14}% 78
\BOOKMARK [1][-]{section.14.8}{\376\377\000D\000a\000t\000a\000\040\000e\000n\000c\000r\000y\000p\000t\000i\000o\000n\000\040\000s\000t\000a\000n\000d\000a\000r\000d\000\040\000\050\000D\000E\000S\000\051}{chapter.14}% 79
\BOOKMARK [1][-]{section.14.9}{\376\377\000D\000E\000S\000\040\000c\000h\000a\000l\000l\000e\000n\000g\000e}{chapter.14}% 80
\BOOKMARK [1][-]{section.14.10}{\376\377\000M\000o\000r\000e\000\040\000a\000t\000t\000a\000c\000k\000s\000\040\000o\000n\000\040}{chapter.14}% 81
\BOOKMARK [1][-]{section.14.11}{\376\377\000A\000E\000S\000\040\000b\000l\000o\000c\000k\000\040\000c\000i\000p\000h\000e\000r}{chapter.14}% 82
